1520279585396	geckodriver	INFO	geckodriver 0.19.1
1520279585409	geckodriver	INFO	Listening on 127.0.0.1:50238
1520279644871	geckodriver	INFO	geckodriver 0.19.1
1520279644877	geckodriver	INFO	Listening on 127.0.0.1:50245
1520279667228	geckodriver	INFO	geckodriver 0.19.1
1520279667235	geckodriver	INFO	Listening on 127.0.0.1:50250
1520279902692	geckodriver	INFO	geckodriver 0.19.1
1520279902698	geckodriver	INFO	Listening on 127.0.0.1:50319
1520280048409	geckodriver	INFO	geckodriver 0.19.1
1520280048416	geckodriver	INFO	Listening on 127.0.0.1:50326
1520280521827	geckodriver	INFO	geckodriver 0.19.1
1520280521834	geckodriver	INFO	Listening on 127.0.0.1:50379
1520280761281	geckodriver	INFO	geckodriver 0.19.1
1520280761291	geckodriver	INFO	Listening on 127.0.0.1:50411
1520280954853	geckodriver	INFO	geckodriver 0.19.1
1520280954860	geckodriver	INFO	Listening on 127.0.0.1:50545
1520280955399	mozrunner::runner	INFO	Running command: "C:\\Program Files\\Mozilla Firefox\\firefox.exe" "-marionette" "-profile" "C:\\Users\\Home\\AppData\\Local\\Temp\\rust_mozprofile.C4qAdp6cSMgk"
1520280956711	Marionette	INFO	Enabled via --marionette
1520280960938	Marionette	INFO	Listening on port 50550
1520280961253	Marionette	WARN	TLS certificate errors will be ignored for this session
1520280961478	addons.xpi	WARN	Exception running bootstrap method shutdown on activity-stream@mozilla.org: [Exception... "Component returned failure code: 0x80004005 (NS_ERROR_FAILURE) [nsIObserverService.removeObserver]"  nsresult: "0x80004005 (NS_ERROR_FAILURE)"  location: "JS frame :: resource://activity-stream/lib/SnippetsFeed.jsm :: uninit :: line 125"  data: no] Stack trace: uninit()@resource://activity-stream/lib/SnippetsFeed.jsm:125 < onAction()@resource://activity-stream/lib/SnippetsFeed.jsm:141 < _middleware/</<()@resource://activity-stream/lib/Store.jsm:51 < Store/this[method]()@resource://activity-stream/lib/Store.jsm:30 < uninit()@resource://activity-stream/lib/Store.jsm:153 < uninit()@resource://activity-stream/lib/ActivityStream.jsm:278 < uninit()@resource://gre/modules/addons/XPIProvider.jsm -> jar:file:///C:/Program%20Files/Mozilla%20Firefox/browser/features/activity-stream@mozilla.org.xpi!/bootstrap.js:80 < shutdown()@resource://gre/modules/addons/XPIProvider.jsm -> jar:file:///C:/Program%20Files/Mozilla%20Firefox/browser/features/activity-stream@mozilla.org.xpi!/bootstrap.js:196 < callBootstrapMethod()@resource://gre/modules/addons/XPIProvider.jsm:4406 < observe()@resource://gre/modules/addons/XPIProvider.jsm:2270 < GeckoDriver.prototype.quit()@driver.js:3381 < despatch()@server.js:560 < execute()@server.js:534 < onPacket/<()@server.js:509 < onPacket()@server.js:508 < _onJSONObjectReady/<()@transport.js:500
Unable to read VR Path Registry from C:\Users\Home\AppData\Local\openvr\openvrpaths.vrpath
[Parent 4620, Gecko_IOThread] WARNING: pipe error: 109: file z:/build/build/src/ipc/chromium/src/chrome/common/ipc_channel_win.cc, line 346
1520280972724	geckodriver	INFO	geckodriver 0.19.1
1520280972731	geckodriver	INFO	Listening on 127.0.0.1:50572
1520280973305	mozrunner::runner	INFO	Running command: "C:\\Program Files\\Mozilla Firefox\\firefox.exe" "-marionette" "-profile" "C:\\Users\\Home\\AppData\\Local\\Temp\\rust_mozprofile.3qBwlTmAisY9"
1520280974458	Marionette	INFO	Enabled via --marionette
1520280978139	Marionette	INFO	Listening on port 50577
1520280978515	Marionette	WARN	TLS certificate errors will be ignored for this session
1520280978680	addons.xpi	WARN	Exception running bootstrap method shutdown on activity-stream@mozilla.org: [Exception... "Component returned failure code: 0x80004005 (NS_ERROR_FAILURE) [nsIObserverService.removeObserver]"  nsresult: "0x80004005 (NS_ERROR_FAILURE)"  location: "JS frame :: resource://activity-stream/lib/SnippetsFeed.jsm :: uninit :: line 125"  data: no] Stack trace: uninit()@resource://activity-stream/lib/SnippetsFeed.jsm:125 < onAction()@resource://activity-stream/lib/SnippetsFeed.jsm:141 < _middleware/</<()@resource://activity-stream/lib/Store.jsm:51 < Store/this[method]()@resource://activity-stream/lib/Store.jsm:30 < uninit()@resource://activity-stream/lib/Store.jsm:153 < uninit()@resource://activity-stream/lib/ActivityStream.jsm:278 < uninit()@resource://gre/modules/addons/XPIProvider.jsm -> jar:file:///C:/Program%20Files/Mozilla%20Firefox/browser/features/activity-stream@mozilla.org.xpi!/bootstrap.js:80 < shutdown()@resource://gre/modules/addons/XPIProvider.jsm -> jar:file:///C:/Program%20Files/Mozilla%20Firefox/browser/features/activity-stream@mozilla.org.xpi!/bootstrap.js:196 < callBootstrapMethod()@resource://gre/modules/addons/XPIProvider.jsm:4406 < observe()@resource://gre/modules/addons/XPIProvider.jsm:2270 < GeckoDriver.prototype.quit()@driver.js:3381 < despatch()@server.js:560 < execute()@server.js:534 < onPacket/<()@server.js:509 < onPacket()@server.js:508 < _onJSONObjectReady/<()@transport.js:500
Unable to read VR Path Registry from C:\Users\Home\AppData\Local\openvr\openvrpaths.vrpath
[Parent 5104, Gecko_IOThread] WARNING: pipe error: 109: file z:/build/build/src/ipc/chromium/src/chrome/common/ipc_channel_win.cc, line 346
1520281116407	geckodriver	INFO	geckodriver 0.19.1
1520281116413	geckodriver	INFO	Listening on 127.0.0.1:50651
1520281116980	mozrunner::runner	INFO	Running command: "C:\\Program Files\\Mozilla Firefox\\firefox.exe" "-marionette" "-profile" "C:\\Users\\Home\\AppData\\Local\\Temp\\rust_mozprofile.uG9TUtrVcTMi"
1520281118144	Marionette	INFO	Enabled via --marionette
1520281122279	Marionette	INFO	Listening on port 50656
1520281122710	Marionette	WARN	TLS certificate errors will be ignored for this session
1520281122836	addons.xpi	WARN	Exception running bootstrap method shutdown on activity-stream@mozilla.org: [Exception... "Component returned failure code: 0x80004005 (NS_ERROR_FAILURE) [nsIObserverService.removeObserver]"  nsresult: "0x80004005 (NS_ERROR_FAILURE)"  location: "JS frame :: resource://activity-stream/lib/SnippetsFeed.jsm :: uninit :: line 125"  data: no] Stack trace: uninit()@resource://activity-stream/lib/SnippetsFeed.jsm:125 < onAction()@resource://activity-stream/lib/SnippetsFeed.jsm:141 < _middleware/</<()@resource://activity-stream/lib/Store.jsm:51 < Store/this[method]()@resource://activity-stream/lib/Store.jsm:30 < uninit()@resource://activity-stream/lib/Store.jsm:153 < uninit()@resource://activity-stream/lib/ActivityStream.jsm:278 < uninit()@resource://gre/modules/addons/XPIProvider.jsm -> jar:file:///C:/Program%20Files/Mozilla%20Firefox/browser/features/activity-stream@mozilla.org.xpi!/bootstrap.js:80 < shutdown()@resource://gre/modules/addons/XPIProvider.jsm -> jar:file:///C:/Program%20Files/Mozilla%20Firefox/browser/features/activity-stream@mozilla.org.xpi!/bootstrap.js:196 < callBootstrapMethod()@resource://gre/modules/addons/XPIProvider.jsm:4406 < observe()@resource://gre/modules/addons/XPIProvider.jsm:2270 < GeckoDriver.prototype.quit()@driver.js:3381 < despatch()@server.js:560 < execute()@server.js:534 < onPacket/<()@server.js:509 < onPacket()@server.js:508 < _onJSONObjectReady/<()@transport.js:500
Unable to read VR Path Registry from C:\Users\Home\AppData\Local\openvr\openvrpaths.vrpath
[Parent 5116, Gecko_IOThread] WARNING: pipe error: 109: file z:/build/build/src/ipc/chromium/src/chrome/common/ipc_channel_win.cc, line 346
1520281150804	geckodriver	INFO	geckodriver 0.19.1
1520281150811	geckodriver	INFO	Listening on 127.0.0.1:50679
1520281151365	mozrunner::runner	INFO	Running command: "C:\\Program Files\\Mozilla Firefox\\firefox.exe" "-marionette" "-profile" "C:\\Users\\Home\\AppData\\Local\\Temp\\rust_mozprofile.jys0cu2qAGtu"
1520281152704	Marionette	INFO	Enabled via --marionette
1520281155341	Marionette	INFO	Listening on port 50684
1520281155488	Marionette	WARN	TLS certificate errors will be ignored for this session
Unable to read VR Path Registry from C:\Users\Home\AppData\Local\openvr\openvrpaths.vrpath
[Child 1652, Chrome_ChildThread] WARNING: pipe error: 109: file z:/build/build/src/ipc/chromium/src/chrome/common/ipc_channel_win.cc, line 346
[Child 1652, Chrome_ChildThread] WARNING: pipe error: 109: file z:/build/build/src/ipc/chromium/src/chrome/common/ipc_channel_win.cc, line 346
Unable to read VR Path Registry from C:\Users\Home\AppData\Local\openvr\openvrpaths.vrpath
[Child 5404, Chrome_ChildThread] WARNING: pipe error: 109: file z:/build/build/src/ipc/chromium/src/chrome/common/ipc_channel_win.cc, line 346
Unable to read VR Path Registry from C:\Users\Home\AppData\Local\openvr\openvrpaths.vrpath
[Child 4936, Chrome_ChildThread] WARNING: pipe error: 109: file z:/build/build/src/ipc/chromium/src/chrome/common/ipc_channel_win.cc, line 346
[Child 4936, Chrome_ChildThread] WARNING: pipe error: 109: file z:/build/build/src/ipc/chromium/src/chrome/common/ipc_channel_win.cc, line 346
*** UTM:SVC TimerManager:registerTimer called after profile-before-change notification. Ignoring timer registration for id: telemetry_modules_ping
Unable to read VR Path Registry from C:\Users\Home\AppData\Local\openvr\openvrpaths.vrpath
1520281284020	geckodriver	INFO	geckodriver 0.19.1
1520281284026	geckodriver	INFO	Listening on 127.0.0.1:50734
1520281284588	mozrunner::runner	INFO	Running command: "C:\\Program Files\\Mozilla Firefox\\firefox.exe" "-marionette" "-profile" "C:\\Users\\Home\\AppData\\Local\\Temp\\rust_mozprofile.MJAhmqE6DqyB"
1520281286157	Marionette	INFO	Enabled via --marionette
1520281289485	Marionette	INFO	Listening on port 50739
1520281289807	Marionette	WARN	TLS certificate errors will be ignored for this session
1520281289941	addons.xpi	WARN	Exception running bootstrap method shutdown on activity-stream@mozilla.org: [Exception... "Component returned failure code: 0x80004005 (NS_ERROR_FAILURE) [nsIObserverService.removeObserver]"  nsresult: "0x80004005 (NS_ERROR_FAILURE)"  location: "JS frame :: resource://activity-stream/lib/SnippetsFeed.jsm :: uninit :: line 125"  data: no] Stack trace: uninit()@resource://activity-stream/lib/SnippetsFeed.jsm:125 < onAction()@resource://activity-stream/lib/SnippetsFeed.jsm:141 < _middleware/</<()@resource://activity-stream/lib/Store.jsm:51 < Store/this[method]()@resource://activity-stream/lib/Store.jsm:30 < uninit()@resource://activity-stream/lib/Store.jsm:153 < uninit()@resource://activity-stream/lib/ActivityStream.jsm:278 < uninit()@resource://gre/modules/addons/XPIProvider.jsm -> jar:file:///C:/Program%20Files/Mozilla%20Firefox/browser/features/activity-stream@mozilla.org.xpi!/bootstrap.js:80 < shutdown()@resource://gre/modules/addons/XPIProvider.jsm -> jar:file:///C:/Program%20Files/Mozilla%20Firefox/browser/features/activity-stream@mozilla.org.xpi!/bootstrap.js:196 < callBootstrapMethod()@resource://gre/modules/addons/XPIProvider.jsm:4406 < observe()@resource://gre/modules/addons/XPIProvider.jsm:2270 < GeckoDriver.prototype.quit()@driver.js:3381 < despatch()@server.js:560 < execute()@server.js:534 < onPacket/<()@server.js:509 < onPacket()@server.js:508 < _onJSONObjectReady/<()@transport.js:500
Unable to read VR Path Registry from C:\Users\Home\AppData\Local\openvr\openvrpaths.vrpath
[Parent 5312, Gecko_IOThread] WARNING: pipe error: 109: file z:/build/build/src/ipc/chromium/src/chrome/common/ipc_channel_win.cc, line 346
1520281405367	geckodriver	INFO	geckodriver 0.19.1
1520281405374	geckodriver	INFO	Listening on 127.0.0.1:50762
1520281405880	mozrunner::runner	INFO	Running command: "C:\\Program Files\\Mozilla Firefox\\firefox.exe" "-marionette" "-profile" "C:\\Users\\Home\\AppData\\Local\\Temp\\rust_mozprofile.nbymoAj9WDO6"
1520281407182	Marionette	INFO	Enabled via --marionette
1520281410928	Marionette	INFO	Listening on port 50767
1520281412232	Marionette	WARN	TLS certificate errors will be ignored for this session
1520281426764	geckodriver	INFO	geckodriver 0.19.1
1520281426772	geckodriver	INFO	Listening on 127.0.0.1:50812
1520281426803	mozrunner::runner	INFO	Running command: "C:\\Program Files\\Mozilla Firefox\\firefox.exe" "-marionette" "-profile" "C:\\Users\\Home\\AppData\\Local\\Temp\\rust_mozprofile.5XkabwPpZBcM"
1520281428563	Marionette	INFO	Enabled via --marionette
1520281432440	Marionette	INFO	Listening on port 50817
1520281432524	Marionette	WARN	TLS certificate errors will be ignored for this session
Unable to read VR Path Registry from C:\Users\Home\AppData\Local\openvr\openvrpaths.vrpath
[Parent 4616, Gecko_IOThread] WARNING: pipe error: 109: file z:/build/build/src/ipc/chromium/src/chrome/common/ipc_channel_win.cc, line 346
1520281445263	geckodriver	INFO	geckodriver 0.19.1
1520281445273	geckodriver	INFO	Listening on 127.0.0.1:50864
1520281445842	mozrunner::runner	INFO	Running command: "C:\\Program Files\\Mozilla Firefox\\firefox.exe" "-marionette" "-profile" "C:\\Users\\Home\\AppData\\Local\\Temp\\rust_mozprofile.c3zmDswpiezc"
1520281447588	Marionette	INFO	Enabled via --marionette
1520281451503	Marionette	INFO	Listening on port 50869
1520281451581	Marionette	WARN	TLS certificate errors will be ignored for this session
1520281451716	addons.xpi	WARN	Exception running bootstrap method shutdown on activity-stream@mozilla.org: [Exception... "Component returned failure code: 0x80004005 (NS_ERROR_FAILURE) [nsIObserverService.removeObserver]"  nsresult: "0x80004005 (NS_ERROR_FAILURE)"  location: "JS frame :: resource://activity-stream/lib/SnippetsFeed.jsm :: uninit :: line 125"  data: no] Stack trace: uninit()@resource://activity-stream/lib/SnippetsFeed.jsm:125 < onAction()@resource://activity-stream/lib/SnippetsFeed.jsm:141 < _middleware/</<()@resource://activity-stream/lib/Store.jsm:51 < Store/this[method]()@resource://activity-stream/lib/Store.jsm:30 < uninit()@resource://activity-stream/lib/Store.jsm:153 < uninit()@resource://activity-stream/lib/ActivityStream.jsm:278 < uninit()@resource://gre/modules/addons/XPIProvider.jsm -> jar:file:///C:/Program%20Files/Mozilla%20Firefox/browser/features/activity-stream@mozilla.org.xpi!/bootstrap.js:80 < shutdown()@resource://gre/modules/addons/XPIProvider.jsm -> jar:file:///C:/Program%20Files/Mozilla%20Firefox/browser/features/activity-stream@mozilla.org.xpi!/bootstrap.js:196 < callBootstrapMethod()@resource://gre/modules/addons/XPIProvider.jsm:4406 < observe()@resource://gre/modules/addons/XPIProvider.jsm:2270 < GeckoDriver.prototype.quit()@driver.js:3381 < despatch()@server.js:560 < execute()@server.js:534 < onPacket/<()@server.js:509 < onPacket()@server.js:508 < _onJSONObjectReady/<()@transport.js:500
Unable to read VR Path Registry from C:\Users\Home\AppData\Local\openvr\openvrpaths.vrpath
[Child 4384, Chrome_ChildThread] WARNING: pipe error: 232: file z:/build/build/src/ipc/chromium/src/chrome/common/ipc_channel_win.cc, line 513
1520281459954	geckodriver	INFO	geckodriver 0.19.1
1520281459962	geckodriver	INFO	Listening on 127.0.0.1:50892
1520281460531	mozrunner::runner	INFO	Running command: "C:\\Program Files\\Mozilla Firefox\\firefox.exe" "-marionette" "-profile" "C:\\Users\\Home\\AppData\\Local\\Temp\\rust_mozprofile.GlWmp8QrBBSd"
1520281461812	Marionette	INFO	Enabled via --marionette
1520281465404	Marionette	INFO	Listening on port 50897
1520281465737	Marionette	WARN	TLS certificate errors will be ignored for this session
Unable to read VR Path Registry from C:\Users\Home\AppData\Local\openvr\openvrpaths.vrpath
[Parent 1628, Gecko_IOThread] WARNING: pipe error: 109: file z:/build/build/src/ipc/chromium/src/chrome/common/ipc_channel_win.cc, line 346
1520283370746	geckodriver	INFO	geckodriver 0.19.1
1520283370756	geckodriver	INFO	Listening on 127.0.0.1:51530
1520283371275	mozrunner::runner	INFO	Running command: "C:\\Program Files\\Mozilla Firefox\\firefox.exe" "-marionette" "-profile" "C:\\Users\\Home\\AppData\\Local\\Temp\\rust_mozprofile.RvEoTwLI879D"
1520283376993	Marionette	INFO	Enabled via --marionette
1520283400212	Marionette	INFO	Listening on port 51535
1520283401222	Marionette	WARN	TLS certificate errors will be ignored for this session
1520283421838	geckodriver	INFO	geckodriver 0.19.1
1520283421844	geckodriver	INFO	Listening on 127.0.0.1:51595
1520283422389	mozrunner::runner	INFO	Running command: "C:\\Program Files\\Mozilla Firefox\\firefox.exe" "-marionette" "-profile" "C:\\Users\\Home\\AppData\\Local\\Temp\\rust_mozprofile.LdCDioHCL3st"
1520283427949	Marionette	INFO	Enabled via --marionette
1520283438057	Marionette	INFO	Listening on port 51600
Unable to read VR Path Registry from C:\Users\Home\AppData\Local\openvr\openvrpaths.vrpath
[Child 3776, Chrome_ChildThread] WARNING: pipe error: 109: file z:/build/build/src/ipc/chromium/src/chrome/common/ipc_channel_win.cc, line 346
[Child 3776, Chrome_ChildThread] WARNING: pipe error: 109: file z:/build/build/src/ipc/chromium/src/chrome/common/ipc_channel_win.cc, line 346
1520283438097	Marionette	WARN	TLS certificate errors will be ignored for this session
Unable to read VR Path Registry from C:\Users\Home\AppData\Local\openvr\openvrpaths.vrpath
[Parent 4920, Gecko_IOThread] WARNING: pipe error: 109: file z:/build/build/src/ipc/chromium/src/chrome/common/ipc_channel_win.cc, line 346
Unable to read VR Path Registry from C:\Users\Home\AppData\Local\openvr\openvrpaths.vrpath
[Child 5840, Chrome_ChildThread] WARNING: pipe error: 109: file z:/build/build/src/ipc/chromium/src/chrome/common/ipc_channel_win.cc, line 346
[Child 5840, Chrome_ChildThread] WARNING: pipe error: 109: file z:/build/build/src/ipc/chromium/src/chrome/common/ipc_channel_win.cc, line 346
Unable to read VR Path Registry from C:\Users\Home\AppData\Local\openvr\openvrpaths.vrpath
[Child 5952, Chrome_ChildThread] WARNING: pipe error: 232: file z:/build/build/src/ipc/chromium/src/chrome/common/ipc_channel_win.cc, line 513
1520354082194	geckodriver	INFO	geckodriver 0.19.1
1520354082207	geckodriver	INFO	Listening on 127.0.0.1:49812
1520354082687	mozrunner::runner	INFO	Running command: "C:\\Program Files\\Mozilla Firefox\\firefox.exe" "-marionette" "-profile" "C:\\Users\\Home\\AppData\\Local\\Temp\\rust_mozprofile.BV3ffDr8KDAK"
1520354086125	Marionette	INFO	Enabled via --marionette
Unable to read VR Path Registry from C:\Users\Home\AppData\Local\openvr\openvrpaths.vrpath
[Parent 908, Gecko_IOThread] WARNING: pipe error: 109: file z:/build/build/src/ipc/chromium/src/chrome/common/ipc_channel_win.cc, line 346
Unable to read VR Path Registry from C:\Users\Home\AppData\Local\openvr\openvrpaths.vrpath
[Child 1796, Chrome_ChildThread] WARNING: pipe error: 109: file z:/build/build/src/ipc/chromium/src/chrome/common/ipc_channel_win.cc, line 346
[Child 1796, Chrome_ChildThread] WARNING: pipe error: 109: file z:/build/build/src/ipc/chromium/src/chrome/common/ipc_channel_win.cc, line 346
1520354098708	Marionette	INFO	Listening on port 49817
1520354099428	Marionette	WARN	TLS certificate errors will be ignored for this session
Unable to read VR Path Registry from C:\Users\Home\AppData\Local\openvr\openvrpaths.vrpath
[Child 2480, Chrome_ChildThread] WARNING: pipe error: 109: file z:/build/build/src/ipc/chromium/src/chrome/common/ipc_channel_win.cc, line 346
